Base path: C:/Program Files (x86)/Unity/Editor/Data
Pipe name: \\.\pipe\UnityShaderCompiler-1-17316
Cmd: getPlatforms
Cmd: preprocess
  insize=2351 outsize=1072 ok=1
Cmd: preprocess
  insize=370 outsize=271 ok=1
Cmd: preprocess
  insize=1752 outsize=355 ok=1
Cmd: preprocess
  insize=461 outsize=461 ok=1
Cmd: preprocess
  insize=469 outsize=359 ok=1
Cmd: preprocess
  insize=1484 outsize=448 ok=1
Cmd: preprocess
  insize=3257 outsize=1272 ok=1
Cmd: compileSnippet
  error: 1 plat 4 at (82): implicit truncation of vector type
  error: 2 plat 4 at (112): incorrect number of arguments to numeric-type constructor
  api=4 type=0 insize=6978 outsize=0 kw=DIRECTIONAL LIGHTMAP_OFF DIRLIGHTMAP_OFF ok=0
Cmd: preprocess
  insize=370 outsize=271 ok=1
Cmd: preprocess
  insize=889 outsize=889 ok=1
Cmd: preprocess
  insize=469 outsize=359 ok=1
Cmd: preprocess
  insize=2124 outsize=692 ok=1
